<?xml version="1.0" encoding="UTF-8"?>
<!-- Generated by org.testng.reporters.JUnitReportReporter -->
<testsuite hostname="DESKTOP-4Q65B6G" failures="0" tests="1" name="com.orangeHRM.testcases.Testcase1" time="12.198" errors="0" timestamp="2024-05-28T09:49:50 IST" skipped="0">
  <testcase classname="com.orangeHRM.testcases.Testcase1" name="AddEmp" time="12.198"/>
  <system-out/>
</testsuite> <!-- com.orangeHRM.testcases.Testcase1 -->
